<?xml version="1.0" encoding="UTF-8"?>
<!-- Generated by org.testng.reporters.JUnitReportReporter -->
<testsuite name="firstPack.PageTitle" tests="2" time="15.099" ignored="0" failures="0" timestamp="30 Mar 2018 13:07:19 GMT" skipped="0" hostname="DESKTOP-R888PRN" errors="0">
  <testcase name="getPageTitle2" time="4.367" classname="firstPack.PageTitle"/>
  <testcase name="getPageTitle" time="10.732" classname="firstPack.PageTitle"/>
</testsuite> <!-- firstPack.PageTitle -->
